mar. 21, 2021 9:32:45 AM com.genuitec.pulse.client.deliverypackage.runtime.internal.Activator initializeLoggers
INFO: Package starting up at Sun Mar 21 09:32:45 BRT 2021
mar. 21, 2021 9:32:46 AM com.genuitec.pulse.client.deliverypackage.runtime.UpdatesService checkForWorkspaceUpdates
INFO: Latest version of package has already been enabled in the workspace; check finished in 5ms
mar. 21, 2021 9:32:47 AM com.redhat.microprofile.jdt.core.utils.JDTMicroProfileUtils isMicroProfileProject
INFO: Current Java project is not a MicroProfile project
Java Model Exception: Java Model Status [d4da668e-f4f2-4cc8-bbac-622634995e9a does not exist]
	at org.eclipse.jdt.internal.core.JavaElement.newJavaModelException(JavaElement.java:583)
	at org.eclipse.jdt.internal.core.Openable.generateInfos(Openable.java:256)
	at org.eclipse.jdt.internal.core.JavaElement.openWhenClosed(JavaElement.java:596)
	at org.eclipse.jdt.internal.core.JavaElement.getElementInfo(JavaElement.java:326)
	at org.eclipse.jdt.internal.core.JavaElement.getElementInfo(JavaElement.java:312)
	at org.eclipse.jdt.internal.core.JavaProject.getJavaProjectElementInfo(JavaProject.java:2100)
	at org.eclipse.jdt.internal.core.JavaProject.newNameLookup(JavaProject.java:2823)
	at org.eclipse.jdt.internal.core.JavaProject.newNameLookup(JavaProject.java:2817)
	at org.eclipse.jdt.internal.core.JavaProject.newNameLookup(JavaProject.java:2835)
	at org.eclipse.jdt.internal.core.JavaProject.newNameLookup(JavaProject.java:2827)
	at org.eclipse.jdt.internal.core.JavaProject.findType(JavaProject.java:1745)
	at org.eclipse.jdt.internal.core.JavaProject.findType(JavaProject.java:1646)
	at com.redhat.microprofile.jdt.core.utils.JDTMicroProfileUtils.isMicroProfileProject(JDTMicroProfileUtils.java:144)
	at com.redhat.microprofile.jdt.internal.core.providers.MicroProfileProjectLabelProvider.getProjectLabels(MicroProfileProjectLabelProvider.java:34)
	at com.redhat.microprofile.jdt.core.ProjectLabelDefinition.getProjectLabels(ProjectLabelDefinition.java:40)
	at com.redhat.microprofile.jdt.core.ProjectLabelManager.getProjectLabels(ProjectLabelManager.java:119)
	at com.redhat.microprofile.jdt.core.ProjectLabelManager.getProjectLabelInfo(ProjectLabelManager.java:76)
	at com.redhat.microprofile.jdt.core.ProjectLabelManager.getProjectLabelInfo(ProjectLabelManager.java:96)
	at org.jboss.tools.quarkus.lsp4e.QuarkusLanguageClient.lambda$7(QuarkusLanguageClient.java:168)
	at java.base/java.util.concurrent.CompletableFuture$UniApply.tryFire(CompletableFuture.java:642)
	at java.base/java.util.concurrent.CompletableFuture$Completion.exec(CompletableFuture.java:479)
	at java.base/java.util.concurrent.ForkJoinTask.doExec(ForkJoinTask.java:290)
	at java.base/java.util.concurrent.ForkJoinPool$WorkQueue.topLevelExec(ForkJoinPool.java:1016)
	at java.base/java.util.concurrent.ForkJoinPool.scan(ForkJoinPool.java:1665)
	at java.base/java.util.concurrent.ForkJoinPool.runWorker(ForkJoinPool.java:1598)
	at java.base/java.util.concurrent.ForkJoinWorkerThread.run(ForkJoinWorkerThread.java:183)

mar. 21, 2021 9:32:47 AM com.redhat.microprofile.jdt.internal.quarkus.JDTQuarkusUtils isQuarkusProject
INFO: Current Java project is not a Quarkus project
Java Model Exception: Java Model Status [d4da668e-f4f2-4cc8-bbac-622634995e9a does not exist]
	at org.eclipse.jdt.internal.core.JavaElement.newJavaModelException(JavaElement.java:583)
	at org.eclipse.jdt.internal.core.Openable.generateInfos(Openable.java:256)
	at org.eclipse.jdt.internal.core.JavaElement.openWhenClosed(JavaElement.java:596)
	at org.eclipse.jdt.internal.core.JavaElement.getElementInfo(JavaElement.java:326)
	at org.eclipse.jdt.internal.core.JavaElement.getElementInfo(JavaElement.java:312)
	at org.eclipse.jdt.internal.core.JavaProject.getJavaProjectElementInfo(JavaProject.java:2100)
	at org.eclipse.jdt.internal.core.JavaProject.newNameLookup(JavaProject.java:2823)
	at org.eclipse.jdt.internal.core.JavaProject.newNameLookup(JavaProject.java:2817)
	at org.eclipse.jdt.internal.core.JavaProject.newNameLookup(JavaProject.java:2835)
	at org.eclipse.jdt.internal.core.JavaProject.newNameLookup(JavaProject.java:2827)
	at org.eclipse.jdt.internal.core.JavaProject.findType(JavaProject.java:1745)
	at org.eclipse.jdt.internal.core.JavaProject.findType(JavaProject.java:1646)
	at com.redhat.microprofile.jdt.internal.quarkus.JDTQuarkusUtils.isQuarkusProject(JDTQuarkusUtils.java:81)
	at com.redhat.microprofile.jdt.internal.quarkus.providers.QuarkusProjectLabelProvider.getProjectLabels(QuarkusProjectLabelProvider.java:34)
	at com.redhat.microprofile.jdt.core.ProjectLabelDefinition.getProjectLabels(ProjectLabelDefinition.java:40)
	at com.redhat.microprofile.jdt.core.ProjectLabelManager.getProjectLabels(ProjectLabelManager.java:119)
	at com.redhat.microprofile.jdt.core.ProjectLabelManager.getProjectLabelInfo(ProjectLabelManager.java:76)
	at com.redhat.microprofile.jdt.core.ProjectLabelManager.getProjectLabelInfo(ProjectLabelManager.java:96)
	at org.jboss.tools.quarkus.lsp4e.QuarkusLanguageClient.lambda$7(QuarkusLanguageClient.java:168)
	at java.base/java.util.concurrent.CompletableFuture$UniApply.tryFire(CompletableFuture.java:642)
	at java.base/java.util.concurrent.CompletableFuture$Completion.exec(CompletableFuture.java:479)
	at java.base/java.util.concurrent.ForkJoinTask.doExec(ForkJoinTask.java:290)
	at java.base/java.util.concurrent.ForkJoinPool$WorkQueue.topLevelExec(ForkJoinPool.java:1016)
	at java.base/java.util.concurrent.ForkJoinPool.scan(ForkJoinPool.java:1665)
	at java.base/java.util.concurrent.ForkJoinPool.runWorker(ForkJoinPool.java:1598)
	at java.base/java.util.concurrent.ForkJoinWorkerThread.run(ForkJoinWorkerThread.java:183)

mar. 21, 2021 9:33:07 AM com.redhat.microprofile.jdt.core.utils.JDTMicroProfileUtils isMicroProfileProject
INFO: Current Java project is not a MicroProfile project
Java Model Exception: Java Model Status [d4da668e-f4f2-4cc8-bbac-622634995e9a does not exist]
	at org.eclipse.jdt.internal.core.JavaElement.newJavaModelException(JavaElement.java:583)
	at org.eclipse.jdt.internal.core.Openable.generateInfos(Openable.java:256)
	at org.eclipse.jdt.internal.core.JavaElement.openWhenClosed(JavaElement.java:596)
	at org.eclipse.jdt.internal.core.JavaElement.getElementInfo(JavaElement.java:326)
	at org.eclipse.jdt.internal.core.JavaElement.getElementInfo(JavaElement.java:312)
	at org.eclipse.jdt.internal.core.JavaProject.getJavaProjectElementInfo(JavaProject.java:2100)
	at org.eclipse.jdt.internal.core.JavaProject.newNameLookup(JavaProject.java:2823)
	at org.eclipse.jdt.internal.core.JavaProject.newNameLookup(JavaProject.java:2817)
	at org.eclipse.jdt.internal.core.JavaProject.newNameLookup(JavaProject.java:2835)
	at org.eclipse.jdt.internal.core.JavaProject.newNameLookup(JavaProject.java:2827)
	at org.eclipse.jdt.internal.core.JavaProject.findType(JavaProject.java:1745)
	at org.eclipse.jdt.internal.core.JavaProject.findType(JavaProject.java:1646)
	at com.redhat.microprofile.jdt.core.utils.JDTMicroProfileUtils.isMicroProfileProject(JDTMicroProfileUtils.java:144)
	at com.redhat.microprofile.jdt.internal.core.providers.MicroProfileProjectLabelProvider.getProjectLabels(MicroProfileProjectLabelProvider.java:34)
	at com.redhat.microprofile.jdt.core.ProjectLabelDefinition.getProjectLabels(ProjectLabelDefinition.java:40)
	at com.redhat.microprofile.jdt.core.ProjectLabelManager.getProjectLabels(ProjectLabelManager.java:119)
	at com.redhat.microprofile.jdt.core.ProjectLabelManager.getProjectLabelInfo(ProjectLabelManager.java:76)
	at com.redhat.microprofile.jdt.core.ProjectLabelManager.getProjectLabelInfo(ProjectLabelManager.java:96)
	at org.jboss.tools.quarkus.lsp4e.QuarkusLanguageClient.lambda$7(QuarkusLanguageClient.java:168)
	at java.base/java.util.concurrent.CompletableFuture$UniApply.tryFire(CompletableFuture.java:642)
	at java.base/java.util.concurrent.CompletableFuture$Completion.exec(CompletableFuture.java:479)
	at java.base/java.util.concurrent.ForkJoinTask.doExec(ForkJoinTask.java:290)
	at java.base/java.util.concurrent.ForkJoinPool$WorkQueue.topLevelExec(ForkJoinPool.java:1016)
	at java.base/java.util.concurrent.ForkJoinPool.scan(ForkJoinPool.java:1665)
	at java.base/java.util.concurrent.ForkJoinPool.runWorker(ForkJoinPool.java:1598)
	at java.base/java.util.concurrent.ForkJoinWorkerThread.run(ForkJoinWorkerThread.java:183)

mar. 21, 2021 9:33:07 AM com.redhat.microprofile.jdt.internal.quarkus.JDTQuarkusUtils isQuarkusProject
INFO: Current Java project is not a Quarkus project
Java Model Exception: Java Model Status [d4da668e-f4f2-4cc8-bbac-622634995e9a does not exist]
	at org.eclipse.jdt.internal.core.JavaElement.newJavaModelException(JavaElement.java:583)
	at org.eclipse.jdt.internal.core.Openable.generateInfos(Openable.java:256)
	at org.eclipse.jdt.internal.core.JavaElement.openWhenClosed(JavaElement.java:596)
	at org.eclipse.jdt.internal.core.JavaElement.getElementInfo(JavaElement.java:326)
	at org.eclipse.jdt.internal.core.JavaElement.getElementInfo(JavaElement.java:312)
	at org.eclipse.jdt.internal.core.JavaProject.getJavaProjectElementInfo(JavaProject.java:2100)
	at org.eclipse.jdt.internal.core.JavaProject.newNameLookup(JavaProject.java:2823)
	at org.eclipse.jdt.internal.core.JavaProject.newNameLookup(JavaProject.java:2817)
	at org.eclipse.jdt.internal.core.JavaProject.newNameLookup(JavaProject.java:2835)
	at org.eclipse.jdt.internal.core.JavaProject.newNameLookup(JavaProject.java:2827)
	at org.eclipse.jdt.internal.core.JavaProject.findType(JavaProject.java:1745)
	at org.eclipse.jdt.internal.core.JavaProject.findType(JavaProject.java:1646)
	at com.redhat.microprofile.jdt.internal.quarkus.JDTQuarkusUtils.isQuarkusProject(JDTQuarkusUtils.java:81)
	at com.redhat.microprofile.jdt.internal.quarkus.providers.QuarkusProjectLabelProvider.getProjectLabels(QuarkusProjectLabelProvider.java:34)
	at com.redhat.microprofile.jdt.core.ProjectLabelDefinition.getProjectLabels(ProjectLabelDefinition.java:40)
	at com.redhat.microprofile.jdt.core.ProjectLabelManager.getProjectLabels(ProjectLabelManager.java:119)
	at com.redhat.microprofile.jdt.core.ProjectLabelManager.getProjectLabelInfo(ProjectLabelManager.java:76)
	at com.redhat.microprofile.jdt.core.ProjectLabelManager.getProjectLabelInfo(ProjectLabelManager.java:96)
	at org.jboss.tools.quarkus.lsp4e.QuarkusLanguageClient.lambda$7(QuarkusLanguageClient.java:168)
	at java.base/java.util.concurrent.CompletableFuture$UniApply.tryFire(CompletableFuture.java:642)
	at java.base/java.util.concurrent.CompletableFuture$Completion.exec(CompletableFuture.java:479)
	at java.base/java.util.concurrent.ForkJoinTask.doExec(ForkJoinTask.java:290)
	at java.base/java.util.concurrent.ForkJoinPool$WorkQueue.topLevelExec(ForkJoinPool.java:1016)
	at java.base/java.util.concurrent.ForkJoinPool.scan(ForkJoinPool.java:1665)
	at java.base/java.util.concurrent.ForkJoinPool.runWorker(ForkJoinPool.java:1598)
	at java.base/java.util.concurrent.ForkJoinWorkerThread.run(ForkJoinWorkerThread.java:183)

mar. 21, 2021 9:45:23 AM org.eclipse.lsp4j.jsonrpc.RemoteEndpoint notify
WARNING: Failed to send notification message.
org.eclipse.lsp4j.jsonrpc.JsonRpcException: java.io.IOException: Stream closed
	at org.eclipse.lsp4j.jsonrpc.json.StreamMessageConsumer.consume(StreamMessageConsumer.java:72)
	at org.eclipse.lsp4e.LanguageServerWrapper.lambda$1(LanguageServerWrapper.java:243)
	at org.eclipse.lsp4j.jsonrpc.RemoteEndpoint.notify(RemoteEndpoint.java:126)
	at org.eclipse.lsp4j.jsonrpc.services.EndpointProxy.invoke(EndpointProxy.java:88)
	at com.sun.proxy.$Proxy68.propertiesChanged(Unknown Source)
	at org.jboss.tools.quarkus.lsp4e.QuarkusLanguageClient.lambda$0(QuarkusLanguageClient.java:60)
	at com.redhat.microprofile.jdt.internal.core.MicroProfilePropertiesListenerManager$MicroProfileListener.lambda$0(MicroProfilePropertiesListenerManager.java:174)
	at java.base/java.util.concurrent.CompletableFuture$AsyncRun.run(CompletableFuture.java:1800)
	at java.base/java.util.concurrent.CompletableFuture$AsyncRun.exec(CompletableFuture.java:1792)
	at java.base/java.util.concurrent.ForkJoinTask.doExec(ForkJoinTask.java:290)
	at java.base/java.util.concurrent.ForkJoinPool$WorkQueue.topLevelExec(ForkJoinPool.java:1016)
	at java.base/java.util.concurrent.ForkJoinPool.scan(ForkJoinPool.java:1665)
	at java.base/java.util.concurrent.ForkJoinPool.runWorker(ForkJoinPool.java:1598)
	at java.base/java.util.concurrent.ForkJoinWorkerThread.run(ForkJoinWorkerThread.java:183)
Caused by: java.io.IOException: Stream closed
	at java.base/java.lang.ProcessBuilder$NullOutputStream.write(ProcessBuilder.java:442)
	at java.base/java.io.OutputStream.write(OutputStream.java:162)
	at java.base/java.io.BufferedOutputStream.flushBuffer(BufferedOutputStream.java:81)
	at java.base/java.io.BufferedOutputStream.flush(BufferedOutputStream.java:142)
	at org.eclipse.lsp4j.jsonrpc.json.StreamMessageConsumer.consume(StreamMessageConsumer.java:69)
	... 13 more

mar. 21, 2021 9:45:23 AM org.eclipse.lsp4j.jsonrpc.RemoteEndpoint notify
WARNING: Failed to send notification message.
org.eclipse.lsp4j.jsonrpc.JsonRpcException: java.io.IOException: Stream closed
	at org.eclipse.lsp4j.jsonrpc.json.StreamMessageConsumer.consume(StreamMessageConsumer.java:72)
	at org.eclipse.lsp4e.LanguageServerWrapper.lambda$1(LanguageServerWrapper.java:243)
	at org.eclipse.lsp4j.jsonrpc.RemoteEndpoint.notify(RemoteEndpoint.java:126)
	at org.eclipse.lsp4j.jsonrpc.services.EndpointProxy.invoke(EndpointProxy.java:88)
	at com.sun.proxy.$Proxy68.propertiesChanged(Unknown Source)
	at org.jboss.tools.quarkus.lsp4e.QuarkusLanguageClient.lambda$0(QuarkusLanguageClient.java:60)
	at com.redhat.microprofile.jdt.internal.core.MicroProfilePropertiesListenerManager$MicroProfileListener.lambda$0(MicroProfilePropertiesListenerManager.java:174)
	at java.base/java.util.concurrent.CompletableFuture$AsyncRun.run(CompletableFuture.java:1800)
	at java.base/java.util.concurrent.CompletableFuture$AsyncRun.exec(CompletableFuture.java:1792)
	at java.base/java.util.concurrent.ForkJoinTask.doExec(ForkJoinTask.java:290)
	at java.base/java.util.concurrent.ForkJoinPool$WorkQueue.topLevelExec(ForkJoinPool.java:1016)
	at java.base/java.util.concurrent.ForkJoinPool.scan(ForkJoinPool.java:1665)
	at java.base/java.util.concurrent.ForkJoinPool.runWorker(ForkJoinPool.java:1598)
	at java.base/java.util.concurrent.ForkJoinWorkerThread.run(ForkJoinWorkerThread.java:183)
Caused by: java.io.IOException: Stream closed
	at java.base/java.lang.ProcessBuilder$NullOutputStream.write(ProcessBuilder.java:442)
	at java.base/java.io.OutputStream.write(OutputStream.java:162)
	at java.base/java.io.BufferedOutputStream.flushBuffer(BufferedOutputStream.java:81)
	at java.base/java.io.BufferedOutputStream.flush(BufferedOutputStream.java:142)
	at org.eclipse.lsp4j.jsonrpc.json.StreamMessageConsumer.consume(StreamMessageConsumer.java:69)
	... 13 more

mar. 21, 2021 11:56:46 AM org.eclipse.lsp4j.jsonrpc.RemoteEndpoint handleNotification
WARNING: Notification threw an exception: {
  "jsonrpc": "2.0",
  "method": "textDocument/publishDiagnostics",
  "params": {
    "uri": "file:///home/caroline/Murah/workspace/task/d4da668e-f4f2-4cc8-bbac-622634995e9a/src/main/java/com/b2w/task/Task.java",
    "diagnostics": []
  }
}
java.lang.RuntimeException: java.lang.reflect.InvocationTargetException
	at org.eclipse.lsp4j.jsonrpc.services.GenericEndpoint.lambda$null$0(GenericEndpoint.java:67)
	at org.eclipse.lsp4j.jsonrpc.services.GenericEndpoint.notify(GenericEndpoint.java:152)
	at org.eclipse.lsp4j.jsonrpc.RemoteEndpoint.handleNotification(RemoteEndpoint.java:220)
	at org.eclipse.lsp4j.jsonrpc.RemoteEndpoint.consume(RemoteEndpoint.java:187)
	at org.eclipse.lsp4e.LanguageServerWrapper.lambda$1(LanguageServerWrapper.java:243)
	at org.eclipse.lsp4j.jsonrpc.json.StreamMessageProducer.handleMessage(StreamMessageProducer.java:194)
	at org.eclipse.lsp4j.jsonrpc.json.StreamMessageProducer.listen(StreamMessageProducer.java:94)
	at org.eclipse.lsp4j.jsonrpc.json.ConcurrentMessageProcessor.run(ConcurrentMessageProcessor.java:113)
	at java.base/java.util.concurrent.Executors$RunnableAdapter.call(Executors.java:515)
	at java.base/java.util.concurrent.FutureTask.run(FutureTask.java:264)
	at java.base/java.util.concurrent.ThreadPoolExecutor.runWorker(ThreadPoolExecutor.java:1130)
	at java.base/java.util.concurrent.ThreadPoolExecutor$Worker.run(ThreadPoolExecutor.java:630)
	at java.base/java.lang.Thread.run(Thread.java:832)
Caused by: java.lang.reflect.InvocationTargetException
	at java.base/jdk.internal.reflect.NativeMethodAccessorImpl.invoke0(Native Method)
	at java.base/jdk.internal.reflect.NativeMethodAccessorImpl.invoke(NativeMethodAccessorImpl.java:62)
	at java.base/jdk.internal.reflect.DelegatingMethodAccessorImpl.invoke(DelegatingMethodAccessorImpl.java:43)
	at java.base/java.lang.reflect.Method.invoke(Method.java:564)
	at org.eclipse.lsp4j.jsonrpc.services.GenericEndpoint.lambda$null$0(GenericEndpoint.java:65)
	... 12 more
Caused by: org.eclipse.core.runtime.OperationCanceledException
	at org.eclipse.core.internal.jobs.ThreadJob.waitForRun(ThreadJob.java:278)
	at org.eclipse.core.internal.jobs.ThreadJob.joinRun(ThreadJob.java:205)
	at org.eclipse.core.internal.jobs.ImplicitJobs.begin(ImplicitJobs.java:95)
	at org.eclipse.core.internal.jobs.JobManager.beginRule(JobManager.java:298)
	at org.eclipse.core.internal.resources.WorkManager.checkIn(WorkManager.java:124)
	at org.eclipse.core.internal.resources.Workspace.prepareOperation(Workspace.java:2242)
	at org.eclipse.core.internal.resources.Workspace.run(Workspace.java:2287)
	at org.eclipse.core.internal.resources.Workspace.run(Workspace.java:2312)
	at org.eclipse.lsp4e.operations.diagnostics.LSPDiagnosticsToMarkers.updateMarkers(LSPDiagnosticsToMarkers.java:162)
	at org.eclipse.lsp4e.operations.diagnostics.LSPDiagnosticsToMarkers.accept(LSPDiagnosticsToMarkers.java:83)
	at org.eclipse.lsp4e.LanguageClientImpl.publishDiagnostics(LanguageClientImpl.java:72)
	... 17 more

mar. 21, 2021 11:58:08 AM org.eclipse.lsp4j.jsonrpc.RemoteEndpoint notify
WARNING: Failed to send notification message.
org.eclipse.lsp4j.jsonrpc.JsonRpcException: java.io.IOException: Stream closed
	at org.eclipse.lsp4j.jsonrpc.json.StreamMessageConsumer.consume(StreamMessageConsumer.java:72)
	at org.eclipse.lsp4e.LanguageServerWrapper.lambda$1(LanguageServerWrapper.java:243)
	at org.eclipse.lsp4j.jsonrpc.RemoteEndpoint.notify(RemoteEndpoint.java:126)
	at org.eclipse.lsp4j.jsonrpc.services.EndpointProxy.invoke(EndpointProxy.java:88)
	at com.sun.proxy.$Proxy68.propertiesChanged(Unknown Source)
	at org.jboss.tools.quarkus.lsp4e.QuarkusLanguageClient.lambda$0(QuarkusLanguageClient.java:60)
	at com.redhat.microprofile.jdt.internal.core.MicroProfilePropertiesListenerManager$MicroProfileListener.lambda$0(MicroProfilePropertiesListenerManager.java:174)
	at java.base/java.util.concurrent.CompletableFuture$AsyncRun.run(CompletableFuture.java:1800)
	at java.base/java.util.concurrent.CompletableFuture$AsyncRun.exec(CompletableFuture.java:1792)
	at java.base/java.util.concurrent.ForkJoinTask.doExec(ForkJoinTask.java:290)
	at java.base/java.util.concurrent.ForkJoinPool$WorkQueue.topLevelExec(ForkJoinPool.java:1016)
	at java.base/java.util.concurrent.ForkJoinPool.scan(ForkJoinPool.java:1665)
	at java.base/java.util.concurrent.ForkJoinPool.runWorker(ForkJoinPool.java:1598)
	at java.base/java.util.concurrent.ForkJoinWorkerThread.run(ForkJoinWorkerThread.java:183)
Caused by: java.io.IOException: Stream closed
	at java.base/java.lang.ProcessBuilder$NullOutputStream.write(ProcessBuilder.java:442)
	at java.base/java.io.OutputStream.write(OutputStream.java:162)
	at java.base/java.io.BufferedOutputStream.flushBuffer(BufferedOutputStream.java:81)
	at java.base/java.io.BufferedOutputStream.flush(BufferedOutputStream.java:142)
	at org.eclipse.lsp4j.jsonrpc.json.StreamMessageConsumer.consume(StreamMessageConsumer.java:69)
	... 13 more

