mar. 21, 2021 9:26:55 AM com.genuitec.pulse.client.deliverypackage.runtime.internal.Activator initializeLoggers
INFO: Package starting up at Sun Mar 21 09:26:55 BRT 2021
mar. 21, 2021 9:30:57 AM com.redhat.microprofile.jdt.core.utils.JDTMicroProfileUtils isMicroProfileProject
INFO: Current Java project is not a MicroProfile project
Java Model Exception: Java Model Status [d4da668e-f4f2-4cc8-bbac-622634995e9a does not exist]
	at org.eclipse.jdt.internal.core.JavaElement.newJavaModelException(JavaElement.java:583)
	at org.eclipse.jdt.internal.core.Openable.generateInfos(Openable.java:256)
	at org.eclipse.jdt.internal.core.JavaElement.openWhenClosed(JavaElement.java:596)
	at org.eclipse.jdt.internal.core.JavaElement.getElementInfo(JavaElement.java:326)
	at org.eclipse.jdt.internal.core.JavaElement.getElementInfo(JavaElement.java:312)
	at org.eclipse.jdt.internal.core.JavaProject.getJavaProjectElementInfo(JavaProject.java:2100)
	at org.eclipse.jdt.internal.core.JavaProject.newNameLookup(JavaProject.java:2823)
	at org.eclipse.jdt.internal.core.JavaProject.newNameLookup(JavaProject.java:2817)
	at org.eclipse.jdt.internal.core.JavaProject.newNameLookup(JavaProject.java:2835)
	at org.eclipse.jdt.internal.core.JavaProject.newNameLookup(JavaProject.java:2827)
	at org.eclipse.jdt.internal.core.JavaProject.findType(JavaProject.java:1745)
	at org.eclipse.jdt.internal.core.JavaProject.findType(JavaProject.java:1646)
	at com.redhat.microprofile.jdt.core.utils.JDTMicroProfileUtils.isMicroProfileProject(JDTMicroProfileUtils.java:144)
	at com.redhat.microprofile.jdt.internal.core.providers.MicroProfileProjectLabelProvider.getProjectLabels(MicroProfileProjectLabelProvider.java:34)
	at com.redhat.microprofile.jdt.core.ProjectLabelDefinition.getProjectLabels(ProjectLabelDefinition.java:40)
	at com.redhat.microprofile.jdt.core.ProjectLabelManager.getProjectLabels(ProjectLabelManager.java:119)
	at com.redhat.microprofile.jdt.core.ProjectLabelManager.getProjectLabelInfo(ProjectLabelManager.java:76)
	at com.redhat.microprofile.jdt.core.ProjectLabelManager.getProjectLabelInfo(ProjectLabelManager.java:96)
	at org.jboss.tools.quarkus.lsp4e.QuarkusLanguageClient.lambda$7(QuarkusLanguageClient.java:168)
	at java.base/java.util.concurrent.CompletableFuture$UniApply.tryFire(CompletableFuture.java:642)
	at java.base/java.util.concurrent.CompletableFuture$Completion.exec(CompletableFuture.java:479)
	at java.base/java.util.concurrent.ForkJoinTask.doExec(ForkJoinTask.java:290)
	at java.base/java.util.concurrent.ForkJoinPool$WorkQueue.topLevelExec(ForkJoinPool.java:1016)
	at java.base/java.util.concurrent.ForkJoinPool.scan(ForkJoinPool.java:1665)
	at java.base/java.util.concurrent.ForkJoinPool.runWorker(ForkJoinPool.java:1598)
	at java.base/java.util.concurrent.ForkJoinWorkerThread.run(ForkJoinWorkerThread.java:183)

mar. 21, 2021 9:30:57 AM com.redhat.microprofile.jdt.internal.quarkus.JDTQuarkusUtils isQuarkusProject
INFO: Current Java project is not a Quarkus project
Java Model Exception: Java Model Status [d4da668e-f4f2-4cc8-bbac-622634995e9a does not exist]
	at org.eclipse.jdt.internal.core.JavaElement.newJavaModelException(JavaElement.java:583)
	at org.eclipse.jdt.internal.core.Openable.generateInfos(Openable.java:256)
	at org.eclipse.jdt.internal.core.JavaElement.openWhenClosed(JavaElement.java:596)
	at org.eclipse.jdt.internal.core.JavaElement.getElementInfo(JavaElement.java:326)
	at org.eclipse.jdt.internal.core.JavaElement.getElementInfo(JavaElement.java:312)
	at org.eclipse.jdt.internal.core.JavaProject.getJavaProjectElementInfo(JavaProject.java:2100)
	at org.eclipse.jdt.internal.core.JavaProject.newNameLookup(JavaProject.java:2823)
	at org.eclipse.jdt.internal.core.JavaProject.newNameLookup(JavaProject.java:2817)
	at org.eclipse.jdt.internal.core.JavaProject.newNameLookup(JavaProject.java:2835)
	at org.eclipse.jdt.internal.core.JavaProject.newNameLookup(JavaProject.java:2827)
	at org.eclipse.jdt.internal.core.JavaProject.findType(JavaProject.java:1745)
	at org.eclipse.jdt.internal.core.JavaProject.findType(JavaProject.java:1646)
	at com.redhat.microprofile.jdt.internal.quarkus.JDTQuarkusUtils.isQuarkusProject(JDTQuarkusUtils.java:81)
	at com.redhat.microprofile.jdt.internal.quarkus.providers.QuarkusProjectLabelProvider.getProjectLabels(QuarkusProjectLabelProvider.java:34)
	at com.redhat.microprofile.jdt.core.ProjectLabelDefinition.getProjectLabels(ProjectLabelDefinition.java:40)
	at com.redhat.microprofile.jdt.core.ProjectLabelManager.getProjectLabels(ProjectLabelManager.java:119)
	at com.redhat.microprofile.jdt.core.ProjectLabelManager.getProjectLabelInfo(ProjectLabelManager.java:76)
	at com.redhat.microprofile.jdt.core.ProjectLabelManager.getProjectLabelInfo(ProjectLabelManager.java:96)
	at org.jboss.tools.quarkus.lsp4e.QuarkusLanguageClient.lambda$7(QuarkusLanguageClient.java:168)
	at java.base/java.util.concurrent.CompletableFuture$UniApply.tryFire(CompletableFuture.java:642)
	at java.base/java.util.concurrent.CompletableFuture$Completion.exec(CompletableFuture.java:479)
	at java.base/java.util.concurrent.ForkJoinTask.doExec(ForkJoinTask.java:290)
	at java.base/java.util.concurrent.ForkJoinPool$WorkQueue.topLevelExec(ForkJoinPool.java:1016)
	at java.base/java.util.concurrent.ForkJoinPool.scan(ForkJoinPool.java:1665)
	at java.base/java.util.concurrent.ForkJoinPool.runWorker(ForkJoinPool.java:1598)
	at java.base/java.util.concurrent.ForkJoinWorkerThread.run(ForkJoinWorkerThread.java:183)

mar. 21, 2021 9:31:03 AM com.redhat.microprofile.jdt.core.utils.JDTMicroProfileUtils isMicroProfileProject
INFO: Current Java project is not a MicroProfile project
Java Model Exception: Java Model Status [d4da668e-f4f2-4cc8-bbac-622634995e9a does not exist]
	at org.eclipse.jdt.internal.core.JavaElement.newJavaModelException(JavaElement.java:583)
	at org.eclipse.jdt.internal.core.Openable.generateInfos(Openable.java:256)
	at org.eclipse.jdt.internal.core.JavaElement.openWhenClosed(JavaElement.java:596)
	at org.eclipse.jdt.internal.core.JavaElement.getElementInfo(JavaElement.java:326)
	at org.eclipse.jdt.internal.core.JavaElement.getElementInfo(JavaElement.java:312)
	at org.eclipse.jdt.internal.core.JavaProject.getJavaProjectElementInfo(JavaProject.java:2100)
	at org.eclipse.jdt.internal.core.JavaProject.newNameLookup(JavaProject.java:2823)
	at org.eclipse.jdt.internal.core.JavaProject.newNameLookup(JavaProject.java:2817)
	at org.eclipse.jdt.internal.core.JavaProject.newNameLookup(JavaProject.java:2835)
	at org.eclipse.jdt.internal.core.JavaProject.newNameLookup(JavaProject.java:2827)
	at org.eclipse.jdt.internal.core.JavaProject.findType(JavaProject.java:1745)
	at org.eclipse.jdt.internal.core.JavaProject.findType(JavaProject.java:1646)
	at com.redhat.microprofile.jdt.core.utils.JDTMicroProfileUtils.isMicroProfileProject(JDTMicroProfileUtils.java:144)
	at com.redhat.microprofile.jdt.internal.core.providers.MicroProfileProjectLabelProvider.getProjectLabels(MicroProfileProjectLabelProvider.java:34)
	at com.redhat.microprofile.jdt.core.ProjectLabelDefinition.getProjectLabels(ProjectLabelDefinition.java:40)
	at com.redhat.microprofile.jdt.core.ProjectLabelManager.getProjectLabels(ProjectLabelManager.java:119)
	at com.redhat.microprofile.jdt.core.ProjectLabelManager.getProjectLabelInfo(ProjectLabelManager.java:76)
	at com.redhat.microprofile.jdt.core.ProjectLabelManager.getProjectLabelInfo(ProjectLabelManager.java:96)
	at org.jboss.tools.quarkus.lsp4e.QuarkusLanguageClient.lambda$7(QuarkusLanguageClient.java:168)
	at java.base/java.util.concurrent.CompletableFuture$UniApply.tryFire(CompletableFuture.java:642)
	at java.base/java.util.concurrent.CompletableFuture$Completion.exec(CompletableFuture.java:479)
	at java.base/java.util.concurrent.ForkJoinTask.doExec(ForkJoinTask.java:290)
	at java.base/java.util.concurrent.ForkJoinPool$WorkQueue.topLevelExec(ForkJoinPool.java:1016)
	at java.base/java.util.concurrent.ForkJoinPool.scan(ForkJoinPool.java:1665)
	at java.base/java.util.concurrent.ForkJoinPool.runWorker(ForkJoinPool.java:1598)
	at java.base/java.util.concurrent.ForkJoinWorkerThread.run(ForkJoinWorkerThread.java:183)

mar. 21, 2021 9:31:03 AM com.redhat.microprofile.jdt.internal.quarkus.JDTQuarkusUtils isQuarkusProject
INFO: Current Java project is not a Quarkus project
Java Model Exception: Java Model Status [d4da668e-f4f2-4cc8-bbac-622634995e9a does not exist]
	at org.eclipse.jdt.internal.core.JavaElement.newJavaModelException(JavaElement.java:583)
	at org.eclipse.jdt.internal.core.Openable.generateInfos(Openable.java:256)
	at org.eclipse.jdt.internal.core.JavaElement.openWhenClosed(JavaElement.java:596)
	at org.eclipse.jdt.internal.core.JavaElement.getElementInfo(JavaElement.java:326)
	at org.eclipse.jdt.internal.core.JavaElement.getElementInfo(JavaElement.java:312)
	at org.eclipse.jdt.internal.core.JavaProject.getJavaProjectElementInfo(JavaProject.java:2100)
	at org.eclipse.jdt.internal.core.JavaProject.newNameLookup(JavaProject.java:2823)
	at org.eclipse.jdt.internal.core.JavaProject.newNameLookup(JavaProject.java:2817)
	at org.eclipse.jdt.internal.core.JavaProject.newNameLookup(JavaProject.java:2835)
	at org.eclipse.jdt.internal.core.JavaProject.newNameLookup(JavaProject.java:2827)
	at org.eclipse.jdt.internal.core.JavaProject.findType(JavaProject.java:1745)
	at org.eclipse.jdt.internal.core.JavaProject.findType(JavaProject.java:1646)
	at com.redhat.microprofile.jdt.internal.quarkus.JDTQuarkusUtils.isQuarkusProject(JDTQuarkusUtils.java:81)
	at com.redhat.microprofile.jdt.internal.quarkus.providers.QuarkusProjectLabelProvider.getProjectLabels(QuarkusProjectLabelProvider.java:34)
	at com.redhat.microprofile.jdt.core.ProjectLabelDefinition.getProjectLabels(ProjectLabelDefinition.java:40)
	at com.redhat.microprofile.jdt.core.ProjectLabelManager.getProjectLabels(ProjectLabelManager.java:119)
	at com.redhat.microprofile.jdt.core.ProjectLabelManager.getProjectLabelInfo(ProjectLabelManager.java:76)
	at com.redhat.microprofile.jdt.core.ProjectLabelManager.getProjectLabelInfo(ProjectLabelManager.java:96)
	at org.jboss.tools.quarkus.lsp4e.QuarkusLanguageClient.lambda$7(QuarkusLanguageClient.java:168)
	at java.base/java.util.concurrent.CompletableFuture$UniApply.tryFire(CompletableFuture.java:642)
	at java.base/java.util.concurrent.CompletableFuture$Completion.exec(CompletableFuture.java:479)
	at java.base/java.util.concurrent.ForkJoinTask.doExec(ForkJoinTask.java:290)
	at java.base/java.util.concurrent.ForkJoinPool$WorkQueue.topLevelExec(ForkJoinPool.java:1016)
	at java.base/java.util.concurrent.ForkJoinPool.scan(ForkJoinPool.java:1665)
	at java.base/java.util.concurrent.ForkJoinPool.runWorker(ForkJoinPool.java:1598)
	at java.base/java.util.concurrent.ForkJoinWorkerThread.run(ForkJoinWorkerThread.java:183)

